<?xml version="1.0" encoding="UTF-8"?>
<testsuite name="library.LibraryResourceTest" tests="2" skipped="0" failures="1" errors="0" timestamp="2019-12-30T15:53:54" hostname="zrhn2612" time="0.06">
  <properties/>
  <testcase name="calculateFee" classname="library.LibraryResourceTest" time="0.053"/>
  <testcase name="getBooks" classname="library.LibraryResourceTest" time="0.007">
    <failure message="org.junit.ComparisonFailure: expected:&lt;...gbs_api&quot;],[&quot;1&quot;,&quot;Gest[Ã¶rte Kommunikation im amerikanischen Drama&quot;,&quot;Marion Hebach&quot;,&quot;IMAGE&quot;,&quot;http://books.google.com/books/content?id=Nz3uabniaLoC&amp;printsec=frontcover&amp;img=1&amp;zoom=1&amp;edge=curl&amp;source=gbs_api&quot;],[&quot;2&quot;,&quot;Leidenschaft und Vernunft im Drama des Sturm und Drang&quot;,&quot;Nagla El-Dandoush&quot;,&quot;IMAGE&quot;,&quot;http://books.google.com/books/content?id=g2w-fb_sK7AC&amp;printsec=frontcover&amp;img=1&amp;zoom=1&amp;edge=curl&amp;source=gbs_api&quot;],[&quot;3&quot;,&quot;Die Monster, die ich rief&quot;,&quot;Larry Correia&quot;,&quot;BOTH&quot;,&quot;http://books.google.com/books/content?id=kWglAgAAQBAJ&amp;printsec=frontcover&amp;img=1&amp;zoom=1&amp;edge=curl&amp;source=gbs_api&quot;],[&quot;4&quot;,&quot;Science Fiction in der deutschsprachigen Literatur&quot;,&quot;Hans-Edwin Friedrich&quot;,&quot;IMAGE&quot;,&quot;http://books.google.com/books/content?id=jfgTnCn2V-EC&amp;printsec=frontcover&amp;img=1&amp;zoom=1&amp;edge=curl&amp;source=gbs_api&quot;],[&quot;5&quot;,&quot;Das Science Fiction Jahr 2010&quot;,&quot;Sascha Mamczak,Wolfgang Jeschke&quot;,&quot;BOTH&quot;,&quot;http://books.google.com/books/content?id=yHGt8Y-Fr5QC&amp;printsec=frontcover&amp;img=1&amp;zoom=1&amp;edge=curl&amp;source=gbs_api&quot;],[&quot;6&quot;,&quot;Refactoring to patterns&quot;,&quot;Joshua Kerievsky&quot;,&quot;IMAGE&quot;,&quot;http://books.google.com/books/content?id=h2sdNbKW65gC&amp;printsec=frontcover&amp;img=1&amp;zoom=1&amp;edge=curl&amp;source=gbs_api&quot;],[&quot;7&quot;,&quot;Refactoring&quot;,&quot;Martin Fowler,Kent Beck&quot;,&quot;IMAGE&quot;,&quot;http://books.google.com/books/content?id=UTgFCAAAQBAJ&amp;printsec=frontcover&amp;img=1&amp;zoom=1&amp;edge=curl&amp;source=gbs_api&quot;],[&quot;8&quot;,&quot;Clean Code&quot;,&quot;Robert C. Martin&quot;,&quot;BOTH&quot;,&quot;http://books.google.com/books/content?id=_i6bDeoCQzsC&amp;printsec=frontcover&amp;img=1&amp;zoom=1&amp;edge=curl&amp;source=gbs_api&quot;],[&quot;9&quot;,&quot;Code Complete&quot;,&quot;Steve McConnell&quot;,&quot;BOTH&quot;,&quot;http://books.google.com/books/content?id=LpVCAwAAQBAJ&amp;printsec=frontcover&amp;img=1&amp;zoom=1&amp;edge=curl&amp;source=gbs_api&quot;],[&quot;10&quot;,&quot;Extreme Programming&quot;,&quot;Kent Beck&quot;,&quot;IMAGE&quot;,&quot;http://books.google.com/books/content?id=79dSpPDQdLYC&amp;printsec=frontcover&amp;img=1&amp;zoom=1&amp;edge=curl&amp;source=gbs_api&quot;],[&quot;11&quot;,&quot;OPTIMIZATION METHODS FOR ENGINEERS&quot;,&quot;N.V.S. Raju&quot;,&quot;IMAGE&quot;,&quot;http://books.google.com/books/content?id=-r1nAgAAQBAJ&amp;printsec=frontcover&amp;img=1&amp;zoom=1&amp;edge=curl&amp;source=gbs_api&quot;],[&quot;12&quot;,&quot;Implantando GovernanÃ§a Ã�]gil - MAnGve&quot;,&quot;Alexa...&gt; but was:&lt;...gbs_api&quot;],[&quot;1&quot;,&quot;Gest[örte Kommunikation im amerikanischen Drama&quot;,&quot;Marion Hebach&quot;,&quot;IMAGE&quot;,&quot;http://books.google.com/books/content?id=Nz3uabniaLoC&amp;printsec=frontcover&amp;img=1&amp;zoom=1&amp;edge=curl&amp;source=gbs_api&quot;],[&quot;2&quot;,&quot;Leidenschaft und Vernunft im Drama des Sturm und Drang&quot;,&quot;Nagla El-Dandoush&quot;,&quot;IMAGE&quot;,&quot;http://books.google.com/books/content?id=g2w-fb_sK7AC&amp;printsec=frontcover&amp;img=1&amp;zoom=1&amp;edge=curl&amp;source=gbs_api&quot;],[&quot;3&quot;,&quot;Die Monster, die ich rief&quot;,&quot;Larry Correia&quot;,&quot;BOTH&quot;,&quot;http://books.google.com/books/content?id=kWglAgAAQBAJ&amp;printsec=frontcover&amp;img=1&amp;zoom=1&amp;edge=curl&amp;source=gbs_api&quot;],[&quot;4&quot;,&quot;Science Fiction in der deutschsprachigen Literatur&quot;,&quot;Hans-Edwin Friedrich&quot;,&quot;IMAGE&quot;,&quot;http://books.google.com/books/content?id=jfgTnCn2V-EC&amp;printsec=frontcover&amp;img=1&amp;zoom=1&amp;edge=curl&amp;source=gbs_api&quot;],[&quot;5&quot;,&quot;Das Science Fiction Jahr 2010&quot;,&quot;Sascha Mamczak,Wolfgang Jeschke&quot;,&quot;BOTH&quot;,&quot;http://books.google.com/books/content?id=yHGt8Y-Fr5QC&amp;printsec=frontcover&amp;img=1&amp;zoom=1&amp;edge=curl&amp;source=gbs_api&quot;],[&quot;6&quot;,&quot;Refactoring to patterns&quot;,&quot;Joshua Kerievsky&quot;,&quot;IMAGE&quot;,&quot;http://books.google.com/books/content?id=h2sdNbKW65gC&amp;printsec=frontcover&amp;img=1&amp;zoom=1&amp;edge=curl&amp;source=gbs_api&quot;],[&quot;7&quot;,&quot;Refactoring&quot;,&quot;Martin Fowler,Kent Beck&quot;,&quot;IMAGE&quot;,&quot;http://books.google.com/books/content?id=UTgFCAAAQBAJ&amp;printsec=frontcover&amp;img=1&amp;zoom=1&amp;edge=curl&amp;source=gbs_api&quot;],[&quot;8&quot;,&quot;Clean Code&quot;,&quot;Robert C. Martin&quot;,&quot;BOTH&quot;,&quot;http://books.google.com/books/content?id=_i6bDeoCQzsC&amp;printsec=frontcover&amp;img=1&amp;zoom=1&amp;edge=curl&amp;source=gbs_api&quot;],[&quot;9&quot;,&quot;Code Complete&quot;,&quot;Steve McConnell&quot;,&quot;BOTH&quot;,&quot;http://books.google.com/books/content?id=LpVCAwAAQBAJ&amp;printsec=frontcover&amp;img=1&amp;zoom=1&amp;edge=curl&amp;source=gbs_api&quot;],[&quot;10&quot;,&quot;Extreme Programming&quot;,&quot;Kent Beck&quot;,&quot;IMAGE&quot;,&quot;http://books.google.com/books/content?id=79dSpPDQdLYC&amp;printsec=frontcover&amp;img=1&amp;zoom=1&amp;edge=curl&amp;source=gbs_api&quot;],[&quot;11&quot;,&quot;OPTIMIZATION METHODS FOR ENGINEERS&quot;,&quot;N.V.S. Raju&quot;,&quot;IMAGE&quot;,&quot;http://books.google.com/books/content?id=-r1nAgAAQBAJ&amp;printsec=frontcover&amp;img=1&amp;zoom=1&amp;edge=curl&amp;source=gbs_api&quot;],[&quot;12&quot;,&quot;Implantando Governança Á]gil - MAnGve&quot;,&quot;Alexa...&gt;" type="org.junit.ComparisonFailure">org.junit.ComparisonFailure: expected:&lt;...gbs_api&quot;],[&quot;1&quot;,&quot;Gest[Ã¶rte Kommunikation im amerikanischen Drama&quot;,&quot;Marion Hebach&quot;,&quot;IMAGE&quot;,&quot;http://books.google.com/books/content?id=Nz3uabniaLoC&amp;printsec=frontcover&amp;img=1&amp;zoom=1&amp;edge=curl&amp;source=gbs_api&quot;],[&quot;2&quot;,&quot;Leidenschaft und Vernunft im Drama des Sturm und Drang&quot;,&quot;Nagla El-Dandoush&quot;,&quot;IMAGE&quot;,&quot;http://books.google.com/books/content?id=g2w-fb_sK7AC&amp;printsec=frontcover&amp;img=1&amp;zoom=1&amp;edge=curl&amp;source=gbs_api&quot;],[&quot;3&quot;,&quot;Die Monster, die ich rief&quot;,&quot;Larry Correia&quot;,&quot;BOTH&quot;,&quot;http://books.google.com/books/content?id=kWglAgAAQBAJ&amp;printsec=frontcover&amp;img=1&amp;zoom=1&amp;edge=curl&amp;source=gbs_api&quot;],[&quot;4&quot;,&quot;Science Fiction in der deutschsprachigen Literatur&quot;,&quot;Hans-Edwin Friedrich&quot;,&quot;IMAGE&quot;,&quot;http://books.google.com/books/content?id=jfgTnCn2V-EC&amp;printsec=frontcover&amp;img=1&amp;zoom=1&amp;edge=curl&amp;source=gbs_api&quot;],[&quot;5&quot;,&quot;Das Science Fiction Jahr 2010&quot;,&quot;Sascha Mamczak,Wolfgang Jeschke&quot;,&quot;BOTH&quot;,&quot;http://books.google.com/books/content?id=yHGt8Y-Fr5QC&amp;printsec=frontcover&amp;img=1&amp;zoom=1&amp;edge=curl&amp;source=gbs_api&quot;],[&quot;6&quot;,&quot;Refactoring to patterns&quot;,&quot;Joshua Kerievsky&quot;,&quot;IMAGE&quot;,&quot;http://books.google.com/books/content?id=h2sdNbKW65gC&amp;printsec=frontcover&amp;img=1&amp;zoom=1&amp;edge=curl&amp;source=gbs_api&quot;],[&quot;7&quot;,&quot;Refactoring&quot;,&quot;Martin Fowler,Kent Beck&quot;,&quot;IMAGE&quot;,&quot;http://books.google.com/books/content?id=UTgFCAAAQBAJ&amp;printsec=frontcover&amp;img=1&amp;zoom=1&amp;edge=curl&amp;source=gbs_api&quot;],[&quot;8&quot;,&quot;Clean Code&quot;,&quot;Robert C. Martin&quot;,&quot;BOTH&quot;,&quot;http://books.google.com/books/content?id=_i6bDeoCQzsC&amp;printsec=frontcover&amp;img=1&amp;zoom=1&amp;edge=curl&amp;source=gbs_api&quot;],[&quot;9&quot;,&quot;Code Complete&quot;,&quot;Steve McConnell&quot;,&quot;BOTH&quot;,&quot;http://books.google.com/books/content?id=LpVCAwAAQBAJ&amp;printsec=frontcover&amp;img=1&amp;zoom=1&amp;edge=curl&amp;source=gbs_api&quot;],[&quot;10&quot;,&quot;Extreme Programming&quot;,&quot;Kent Beck&quot;,&quot;IMAGE&quot;,&quot;http://books.google.com/books/content?id=79dSpPDQdLYC&amp;printsec=frontcover&amp;img=1&amp;zoom=1&amp;edge=curl&amp;source=gbs_api&quot;],[&quot;11&quot;,&quot;OPTIMIZATION METHODS FOR ENGINEERS&quot;,&quot;N.V.S. Raju&quot;,&quot;IMAGE&quot;,&quot;http://books.google.com/books/content?id=-r1nAgAAQBAJ&amp;printsec=frontcover&amp;img=1&amp;zoom=1&amp;edge=curl&amp;source=gbs_api&quot;],[&quot;12&quot;,&quot;Implantando GovernanÃ§a Ã�]gil - MAnGve&quot;,&quot;Alexa...&gt; but was:&lt;...gbs_api&quot;],[&quot;1&quot;,&quot;Gest[örte Kommunikation im amerikanischen Drama&quot;,&quot;Marion Hebach&quot;,&quot;IMAGE&quot;,&quot;http://books.google.com/books/content?id=Nz3uabniaLoC&amp;printsec=frontcover&amp;img=1&amp;zoom=1&amp;edge=curl&amp;source=gbs_api&quot;],[&quot;2&quot;,&quot;Leidenschaft und Vernunft im Drama des Sturm und Drang&quot;,&quot;Nagla El-Dandoush&quot;,&quot;IMAGE&quot;,&quot;http://books.google.com/books/content?id=g2w-fb_sK7AC&amp;printsec=frontcover&amp;img=1&amp;zoom=1&amp;edge=curl&amp;source=gbs_api&quot;],[&quot;3&quot;,&quot;Die Monster, die ich rief&quot;,&quot;Larry Correia&quot;,&quot;BOTH&quot;,&quot;http://books.google.com/books/content?id=kWglAgAAQBAJ&amp;printsec=frontcover&amp;img=1&amp;zoom=1&amp;edge=curl&amp;source=gbs_api&quot;],[&quot;4&quot;,&quot;Science Fiction in der deutschsprachigen Literatur&quot;,&quot;Hans-Edwin Friedrich&quot;,&quot;IMAGE&quot;,&quot;http://books.google.com/books/content?id=jfgTnCn2V-EC&amp;printsec=frontcover&amp;img=1&amp;zoom=1&amp;edge=curl&amp;source=gbs_api&quot;],[&quot;5&quot;,&quot;Das Science Fiction Jahr 2010&quot;,&quot;Sascha Mamczak,Wolfgang Jeschke&quot;,&quot;BOTH&quot;,&quot;http://books.google.com/books/content?id=yHGt8Y-Fr5QC&amp;printsec=frontcover&amp;img=1&amp;zoom=1&amp;edge=curl&amp;source=gbs_api&quot;],[&quot;6&quot;,&quot;Refactoring to patterns&quot;,&quot;Joshua Kerievsky&quot;,&quot;IMAGE&quot;,&quot;http://books.google.com/books/content?id=h2sdNbKW65gC&amp;printsec=frontcover&amp;img=1&amp;zoom=1&amp;edge=curl&amp;source=gbs_api&quot;],[&quot;7&quot;,&quot;Refactoring&quot;,&quot;Martin Fowler,Kent Beck&quot;,&quot;IMAGE&quot;,&quot;http://books.google.com/books/content?id=UTgFCAAAQBAJ&amp;printsec=frontcover&amp;img=1&amp;zoom=1&amp;edge=curl&amp;source=gbs_api&quot;],[&quot;8&quot;,&quot;Clean Code&quot;,&quot;Robert C. Martin&quot;,&quot;BOTH&quot;,&quot;http://books.google.com/books/content?id=_i6bDeoCQzsC&amp;printsec=frontcover&amp;img=1&amp;zoom=1&amp;edge=curl&amp;source=gbs_api&quot;],[&quot;9&quot;,&quot;Code Complete&quot;,&quot;Steve McConnell&quot;,&quot;BOTH&quot;,&quot;http://books.google.com/books/content?id=LpVCAwAAQBAJ&amp;printsec=frontcover&amp;img=1&amp;zoom=1&amp;edge=curl&amp;source=gbs_api&quot;],[&quot;10&quot;,&quot;Extreme Programming&quot;,&quot;Kent Beck&quot;,&quot;IMAGE&quot;,&quot;http://books.google.com/books/content?id=79dSpPDQdLYC&amp;printsec=frontcover&amp;img=1&amp;zoom=1&amp;edge=curl&amp;source=gbs_api&quot;],[&quot;11&quot;,&quot;OPTIMIZATION METHODS FOR ENGINEERS&quot;,&quot;N.V.S. Raju&quot;,&quot;IMAGE&quot;,&quot;http://books.google.com/books/content?id=-r1nAgAAQBAJ&amp;printsec=frontcover&amp;img=1&amp;zoom=1&amp;edge=curl&amp;source=gbs_api&quot;],[&quot;12&quot;,&quot;Implantando Governança Á]gil - MAnGve&quot;,&quot;Alexa...&gt;
	at org.junit.Assert.assertEquals(Assert.java:115)
	at org.junit.Assert.assertEquals(Assert.java:144)
	at library.LibraryResourceTest.getBooks(LibraryResourceTest.java:18)
	at java.base/jdk.internal.reflect.NativeMethodAccessorImpl.invoke0(Native Method)
	at java.base/jdk.internal.reflect.NativeMethodAccessorImpl.invoke(NativeMethodAccessorImpl.java:62)
	at java.base/jdk.internal.reflect.DelegatingMethodAccessorImpl.invoke(DelegatingMethodAccessorImpl.java:43)
	at java.base/java.lang.reflect.Method.invoke(Method.java:566)
	at org.junit.runners.model.FrameworkMethod$1.runReflectiveCall(FrameworkMethod.java:50)
	at org.junit.internal.runners.model.ReflectiveCallable.run(ReflectiveCallable.java:12)
	at org.junit.runners.model.FrameworkMethod.invokeExplosively(FrameworkMethod.java:47)
	at org.junit.internal.runners.statements.InvokeMethod.evaluate(InvokeMethod.java:17)
	at org.junit.runners.ParentRunner.runLeaf(ParentRunner.java:325)
	at org.junit.runners.BlockJUnit4ClassRunner.runChild(BlockJUnit4ClassRunner.java:78)
	at org.junit.runners.BlockJUnit4ClassRunner.runChild(BlockJUnit4ClassRunner.java:57)
	at org.junit.runners.ParentRunner$3.run(ParentRunner.java:290)
	at org.junit.runners.ParentRunner$1.schedule(ParentRunner.java:71)
	at org.junit.runners.ParentRunner.runChildren(ParentRunner.java:288)
	at org.junit.runners.ParentRunner.access$000(ParentRunner.java:58)
	at org.junit.runners.ParentRunner$2.evaluate(ParentRunner.java:268)
	at org.junit.runners.ParentRunner.run(ParentRunner.java:363)
	at org.gradle.api.internal.tasks.testing.junit.JUnitTestClassExecutor.runTestClass(JUnitTestClassExecutor.java:110)
	at org.gradle.api.internal.tasks.testing.junit.JUnitTestClassExecutor.execute(JUnitTestClassExecutor.java:58)
	at org.gradle.api.internal.tasks.testing.junit.JUnitTestClassExecutor.execute(JUnitTestClassExecutor.java:38)
	at org.gradle.api.internal.tasks.testing.junit.AbstractJUnitTestClassProcessor.processTestClass(AbstractJUnitTestClassProcessor.java:62)
	at org.gradle.api.internal.tasks.testing.SuiteTestClassProcessor.processTestClass(SuiteTestClassProcessor.java:51)
	at java.base/jdk.internal.reflect.NativeMethodAccessorImpl.invoke0(Native Method)
	at java.base/jdk.internal.reflect.NativeMethodAccessorImpl.invoke(NativeMethodAccessorImpl.java:62)
	at java.base/jdk.internal.reflect.DelegatingMethodAccessorImpl.invoke(DelegatingMethodAccessorImpl.java:43)
	at java.base/java.lang.reflect.Method.invoke(Method.java:566)
	at org.gradle.internal.dispatch.ReflectionDispatch.dispatch(ReflectionDispatch.java:35)
	at org.gradle.internal.dispatch.ReflectionDispatch.dispatch(ReflectionDispatch.java:24)
	at org.gradle.internal.dispatch.ContextClassLoaderDispatch.dispatch(ContextClassLoaderDispatch.java:32)
	at org.gradle.internal.dispatch.ProxyDispatchAdapter$DispatchingInvocationHandler.invoke(ProxyDispatchAdapter.java:93)
	at com.sun.proxy.$Proxy2.processTestClass(Unknown Source)
	at org.gradle.api.internal.tasks.testing.worker.TestWorker.processTestClass(TestWorker.java:118)
	at java.base/jdk.internal.reflect.NativeMethodAccessorImpl.invoke0(Native Method)
	at java.base/jdk.internal.reflect.NativeMethodAccessorImpl.invoke(NativeMethodAccessorImpl.java:62)
	at java.base/jdk.internal.reflect.DelegatingMethodAccessorImpl.invoke(DelegatingMethodAccessorImpl.java:43)
	at java.base/java.lang.reflect.Method.invoke(Method.java:566)
	at org.gradle.internal.dispatch.ReflectionDispatch.dispatch(ReflectionDispatch.java:35)
	at org.gradle.internal.dispatch.ReflectionDispatch.dispatch(ReflectionDispatch.java:24)
	at org.gradle.internal.remote.internal.hub.MessageHubBackedObjectConnection$DispatchWrapper.dispatch(MessageHubBackedObjectConnection.java:175)
	at org.gradle.internal.remote.internal.hub.MessageHubBackedObjectConnection$DispatchWrapper.dispatch(MessageHubBackedObjectConnection.java:157)
	at org.gradle.internal.remote.internal.hub.MessageHub$Handler.run(MessageHub.java:404)
	at org.gradle.internal.concurrent.ExecutorPolicy$CatchAndRecordFailures.onExecute(ExecutorPolicy.java:63)
	at org.gradle.internal.concurrent.ManagedExecutorImpl$1.run(ManagedExecutorImpl.java:46)
	at java.base/java.util.concurrent.ThreadPoolExecutor.runWorker(ThreadPoolExecutor.java:1128)
	at java.base/java.util.concurrent.ThreadPoolExecutor$Worker.run(ThreadPoolExecutor.java:628)
	at org.gradle.internal.concurrent.ThreadFactoryImpl$ManagedThreadRunnable.run(ThreadFactoryImpl.java:55)
	at java.base/java.lang.Thread.run(Thread.java:834)
</failure>
  </testcase>
  <system-out><![CDATA[]]></system-out>
  <system-err><![CDATA[]]></system-err>
</testsuite>
